<?xml version="1.0" encoding="UTF-8"?>
<!-- Generated by org.testng.reporters.JUnitReportReporter -->
<testsuite skipped="0" hostname="DESKTOP-BLHDVQQ" name="com.vtiger.testScripts.CreateNewContactTest" tests="1" failures="0" timestamp="06 Nov 2020 14:36:01 GMT" time="64.468" errors="0">
  <testcase name="createNewContact" time="64.468" classname="com.vtiger.testScripts.CreateNewContactTest"/>
</testsuite> <!-- com.vtiger.testScripts.CreateNewContactTest -->
