<?xml version="1.0" encoding="UTF-8"?>
<!-- Generated by org.testng.reporters.JUnitReportReporter -->
<testsuite skipped="0" hostname="DESKTOP-BLHDVQQ" name="com.vtiger.testScripts.CreateNewLeadTest" tests="1" failures="0" timestamp="06 Nov 2020 14:36:01 GMT" time="30.904" errors="0">
  <testcase name="createLead" time="30.904" classname="com.vtiger.testScripts.CreateNewLeadTest"/>
</testsuite> <!-- com.vtiger.testScripts.CreateNewLeadTest -->
