<?xml version="1.0" encoding="UTF-8"?>
<!-- Generated by org.testng.reporters.JUnitReportReporter -->
<testsuite skipped="0" hostname="DESKTOP-BLHDVQQ" name="com.vtiger.testScripts.CreateNewProductTest" tests="1" failures="0" timestamp="06 Nov 2020 14:36:01 GMT" time="33.584" errors="0">
  <testcase name="createNewProduct" time="33.584" classname="com.vtiger.testScripts.CreateNewProductTest"/>
</testsuite> <!-- com.vtiger.testScripts.CreateNewProductTest -->
